<?xml version="1.0" encoding="UTF-8"?>
<!-- Generated by org.testng.reporters.JUnitXMLReporter -->
<testsuite hostname="DIPL-5CG706063P-14" ignored="0" name="Test" tests="11" failures="0" timestamp="2020-02-10T14:45:24 IST" time="76.009" errors="0">
  <testcase name="@BeforeTest setUp" time="74.983" classname="com.tie.Tests.LoginPageTest">
    <failure type="org.openqa.selenium.remote.UnreachableBrowserException" message="Error communicating with the remote browser. It may have died.
Build info: version: &amp;apos;4.0.0-alpha-4&amp;apos;, revision: &amp;apos;c2d955b49e&amp;apos;
System info: host: &amp;apos;DIPL-5CG706063P&amp;apos;, ip: &amp;apos;192.168.10.104&amp;apos;, os.name: &amp;apos;Windows 7&amp;apos;, os.arch: &amp;apos;amd64&amp;apos;, os.version: &amp;apos;6.1&amp;apos;, java.version: &amp;apos;1.8.0_231&amp;apos;
Driver info: driver.version: RemoteWebDriver
Capabilities {acceptInsecureCerts: false, browserName: chrome, browserVersion: 80.0.3987.87, chrome: {chromedriverVersion: 80.0.3987.16 (320f6526c1632..., userDataDir: C:\Users\Safdar\AppData\Loc...}, goog:chromeOptions: {debuggerAddress: localhost:64362}, javascriptEnabled: true, networkConnectionEnabled: false, pageLoadStrategy: normal, platform: WINDOWS, platformName: WINDOWS, proxy: Proxy(), setWindowRect: true, strictFileInteractability: false, timeouts: {implicit: 0, pageLoad: 300000, script: 30000}, unhandledPromptBehavior: dismiss and notify}
Session ID: 326371a14ad77326a96cdfd01dd770f7">
      <![CDATA[org.openqa.selenium.remote.UnreachableBrowserException: Error communicating with the remote browser. It may have died.
Build info: version: '4.0.0-alpha-4', revision: 'c2d955b49e'
System info: host: 'DIPL-5CG706063P', ip: '192.168.10.104', os.name: 'Windows 7', os.arch: 'amd64', os.version: '6.1', java.version: '1.8.0_231'
Driver info: driver.version: RemoteWebDriver
Capabilities {acceptInsecureCerts: false, browserName: chrome, browserVersion: 80.0.3987.87, chrome: {chromedriverVersion: 80.0.3987.16 (320f6526c1632..., userDataDir: C:\Users\Safdar\AppData\Loc...}, goog:chromeOptions: {debuggerAddress: localhost:64362}, javascriptEnabled: true, networkConnectionEnabled: false, pageLoadStrategy: normal, platform: WINDOWS, platformName: WINDOWS, proxy: Proxy(), setWindowRect: true, strictFileInteractability: false, timeouts: {implicit: 0, pageLoad: 300000, script: 30000}, unhandledPromptBehavior: dismiss and notify}
Session ID: 326371a14ad77326a96cdfd01dd770f7
at org.openqa.selenium.remote.RemoteWebDriver.execute(RemoteWebDriver.java:603)
at org.openqa.selenium.remote.RemoteWebDriver.get(RemoteWebDriver.java:282)
at com.tie.Base.BasePage.init_driver(BasePage.java:65)
at com.tie.Tests.LoginPageTest.setUp(LoginPageTest.java:42)
Caused by: java.lang.RuntimeException: NettyHttpHandler request execution error
at org.openqa.selenium.remote.http.netty.NettyHttpHandler.makeCall(NettyHttpHandler.java:61)
at org.openqa.selenium.remote.http.AddSeleniumUserAgent.lambda$apply$0(AddSeleniumUserAgent.java:42)
at org.openqa.selenium.remote.http.Filter.lambda$andFinally$1(Filter.java:55)
at org.openqa.selenium.remote.http.netty.NettyHttpHandler.execute(NettyHttpHandler.java:45)
at org.openqa.selenium.remote.http.AddSeleniumUserAgent.lambda$apply$0(AddSeleniumUserAgent.java:42)
at org.openqa.selenium.remote.http.Filter.lambda$andFinally$1(Filter.java:55)
at org.openqa.selenium.remote.http.netty.NettyClient.execute(NettyClient.java:43)
at org.openqa.selenium.remote.HttpCommandExecutor.execute(HttpCommandExecutor.java:158)
at org.openqa.selenium.remote.service.DriverCommandExecutor.execute(DriverCommandExecutor.java:83)
at org.openqa.selenium.remote.RemoteWebDriver.execute(RemoteWebDriver.java:582)
... 27 more
Caused by: java.util.concurrent.ExecutionException: java.util.concurrent.TimeoutException: Request timeout to localhost/127.0.0.1:11685 after 60000 ms
at java.util.concurrent.CompletableFuture.reportGet(Unknown Source)
at java.util.concurrent.CompletableFuture.get(Unknown Source)
at org.asynchttpclient.netty.NettyResponseFuture.get(NettyResponseFuture.java:201)
at org.openqa.selenium.remote.http.netty.NettyHttpHandler.makeCall(NettyHttpHandler.java:55)
... 36 more
Caused by: java.util.concurrent.TimeoutException: Request timeout to localhost/127.0.0.1:11685 after 60000 ms
at org.asynchttpclient.netty.timeout.TimeoutTimerTask.expire(TimeoutTimerTask.java:43)
at org.asynchttpclient.netty.timeout.RequestTimeoutTimerTask.run(RequestTimeoutTimerTask.java:50)
at io.netty.util.HashedWheelTimer$HashedWheelTimeout.expire(HashedWheelTimer.java:680)
at io.netty.util.HashedWheelTimer$HashedWheelBucket.expireTimeouts(HashedWheelTimer.java:755)
at io.netty.util.HashedWheelTimer$Worker.run(HashedWheelTimer.java:483)
at io.netty.util.concurrent.FastThreadLocalRunnable.run(FastThreadLocalRunnable.java:30)
at java.lang.Thread.run(Unknown Source)
... Removed 24 stack frames]]>
    </failure>
  </testcase> <!-- @BeforeTest setUp -->
  <testcase name="@AfterTest quitBrowser" time="-1.581326123974E9" classname="com.tie.Tests.LoginPageTest">
    <skipped/>
  </testcase> <!-- @AfterTest quitBrowser -->
  <testcase name="verifyLoginPageTitleTest" time="0.0" classname="com.tie.Tests.LoginPageTest">
    <skipped/>
  </testcase> <!-- verifyLoginPageTitleTest -->
  <testcase name="TiELogoTest" time="0.0" classname="com.tie.Tests.LoginPageTest">
    <skipped/>
  </testcase> <!-- TiELogoTest -->
  <testcase name="verifySignUpLinkTest" time="0.0" classname="com.tie.Tests.LoginPageTest">
    <skipped/>
  </testcase> <!-- verifySignUpLinkTest -->
  <testcase name="verifyisForgotPasswordExistsTest" time="0.0" classname="com.tie.Tests.LoginPageTest">
    <skipped/>
  </testcase> <!-- verifyisForgotPasswordExistsTest -->
  <testcase name="VerifyTearmAndServiceLinkExistsTest" time="0.0" classname="com.tie.Tests.LoginPageTest">
    <skipped/>
  </testcase> <!-- VerifyTearmAndServiceLinkExistsTest -->
  <testcase name="verifyisPrivacyPolicyLinkExistsTest" time="0.0" classname="com.tie.Tests.LoginPageTest">
    <skipped/>
  </testcase> <!-- verifyisPrivacyPolicyLinkExistsTest -->
  <testcase name="VerifyregisterWithBusinessAccountTest" time="0.0" classname="com.tie.Tests.LoginPageTest">
    <skipped/>
  </testcase> <!-- VerifyregisterWithBusinessAccountTest -->
  <testcase name="VerifyregisterWithAccountantUserTest" time="0.0" classname="com.tie.Tests.LoginPageTest">
    <skipped/>
  </testcase> <!-- VerifyregisterWithAccountantUserTest -->
  <testcase name="VerifyregisterWithOwnerAssistantTest" time="0.0" classname="com.tie.Tests.LoginPageTest">
    <skipped/>
  </testcase> <!-- VerifyregisterWithOwnerAssistantTest -->
  <testcase name="doPasswordResetTest" time="0.0" classname="com.tie.Tests.LoginPageTest">
    <skipped/>
  </testcase> <!-- doPasswordResetTest -->
  <testcase name="verifyLoginTest" time="0.0" classname="com.tie.Tests.LoginPageTest">
    <skipped/>
  </testcase> <!-- verifyLoginTest -->
</testsuite> <!-- Test -->
