{"name":"verifySignUpLinkTest","status":"broken","statusDetails":{"known":false,"muted":false,"flaky":false,"message":"Argument is of an illegal type: org.openqa.selenium.By$ByXPath","trace":"java.lang.IllegalArgumentException: Argument is of an illegal type: org.openqa.selenium.By$ByXPath\r\n\tat org.openqa.selenium.remote.internal.WebElementToJsonConverter.apply(WebElementToJsonConverter.java:84)\r\n\tat java.util.stream.ReferencePipeline$3$1.accept(Unknown Source)\r\n\tat java.util.Spliterators$ArraySpliterator.forEachRemaining(Unknown Source)\r\n\tat java.util.stream.AbstractPipeline.copyInto(Unknown Source)\r\n\tat java.util.stream.AbstractPipeline.wrapAndCopyInto(Unknown Source)\r\n\tat java.util.stream.ReduceOps$ReduceOp.evaluateSequential(Unknown Source)\r\n\tat java.util.stream.AbstractPipeline.evaluate(Unknown Source)\r\n\tat java.util.stream.ReferencePipeline.collect(Unknown Source)\r\n\tat org.openqa.selenium.remote.RemoteWebDriver.executeScript(RemoteWebDriver.java:514)\r\n\tat com.tie.util.TestUtil.Highlight_Element(TestUtil.java:188)\r\n\tat com.tie.Pages.LoginPage.isSignUpLinkExists(LoginPage.java:65)\r\n\tat com.tie.Tests.LoginPageTest.verifySignUpLinkTest(LoginPageTest.java:74)\r\n\tat sun.reflect.NativeMethodAccessorImpl.invoke0(Native Method)\r\n\tat sun.reflect.NativeMethodAccessorImpl.invoke(Unknown Source)\r\n\tat sun.reflect.DelegatingMethodAccessorImpl.invoke(Unknown Source)\r\n\tat java.lang.reflect.Method.invoke(Unknown Source)\r\n\tat org.testng.internal.MethodInvocationHelper.invokeMethod(MethodInvocationHelper.java:133)\r\n\tat org.testng.internal.TestInvoker.invokeMethod(TestInvoker.java:584)\r\n\tat org.testng.internal.TestInvoker.invokeTestMethod(TestInvoker.java:172)\r\n\tat org.testng.internal.MethodRunner.runInSequence(MethodRunner.java:46)\r\n\tat org.testng.internal.TestInvoker$MethodInvocationAgent.invoke(TestInvoker.java:804)\r\n\tat org.testng.internal.TestInvoker.invokeTestMethods(TestInvoker.java:145)\r\n\tat org.testng.internal.TestMethodWorker.invokeTestMethods(TestMethodWorker.java:146)\r\n\tat org.testng.internal.TestMethodWorker.run(TestMethodWorker.java:128)\r\n\tat java.util.ArrayList.forEach(Unknown Source)\r\n\tat org.testng.TestRunner.privateRun(TestRunner.java:770)\r\n\tat org.testng.TestRunner.run(TestRunner.java:591)\r\n\tat org.testng.SuiteRunner.runTest(SuiteRunner.java:402)\r\n\tat org.testng.SuiteRunner.runSequentially(SuiteRunner.java:396)\r\n\tat org.testng.SuiteRunner.privateRun(SuiteRunner.java:355)\r\n\tat org.testng.SuiteRunner.run(SuiteRunner.java:304)\r\n\tat org.testng.SuiteRunnerWorker.runSuite(SuiteRunnerWorker.java:53)\r\n\tat org.testng.SuiteRunnerWorker.run(SuiteRunnerWorker.java:96)\r\n\tat org.testng.TestNG.runSuitesSequentially(TestNG.java:1180)\r\n\tat org.testng.TestNG.runSuitesLocally(TestNG.java:1102)\r\n\tat org.testng.TestNG.runSuites(TestNG.java:1032)\r\n\tat org.testng.TestNG.run(TestNG.java:1000)\r\n\tat org.testng.remote.AbstractRemoteTestNG.run(AbstractRemoteTestNG.java:115)\r\n\tat org.testng.remote.RemoteTestNG.initAndRun(RemoteTestNG.java:251)\r\n\tat org.testng.remote.RemoteTestNG.main(RemoteTestNG.java:77)\r\n"},"stage":"finished","description":"verify sign up link test...","steps":[{"name":"checking sigup link is present or not....","status":"broken","statusDetails":{"known":false,"muted":false,"flaky":false,"message":"Argument is of an illegal type: org.openqa.selenium.By$ByXPath","trace":"java.lang.IllegalArgumentException: Argument is of an illegal type: org.openqa.selenium.By$ByXPath\r\n\tat org.openqa.selenium.remote.internal.WebElementToJsonConverter.apply(WebElementToJsonConverter.java:84)\r\n\tat java.util.stream.ReferencePipeline$3$1.accept(Unknown Source)\r\n\tat java.util.Spliterators$ArraySpliterator.forEachRemaining(Unknown Source)\r\n\tat java.util.stream.AbstractPipeline.copyInto(Unknown Source)\r\n\tat java.util.stream.AbstractPipeline.wrapAndCopyInto(Unknown Source)\r\n\tat java.util.stream.ReduceOps$ReduceOp.evaluateSequential(Unknown Source)\r\n\tat java.util.stream.AbstractPipeline.evaluate(Unknown Source)\r\n\tat java.util.stream.ReferencePipeline.collect(Unknown Source)\r\n\tat org.openqa.selenium.remote.RemoteWebDriver.executeScript(RemoteWebDriver.java:514)\r\n\tat com.tie.util.TestUtil.Highlight_Element(TestUtil.java:188)\r\n\tat com.tie.Pages.LoginPage.isSignUpLinkExists(LoginPage.java:65)\r\n\tat com.tie.Tests.LoginPageTest.verifySignUpLinkTest(LoginPageTest.java:74)\r\n\tat sun.reflect.NativeMethodAccessorImpl.invoke0(Native Method)\r\n\tat sun.reflect.NativeMethodAccessorImpl.invoke(Unknown Source)\r\n\tat sun.reflect.DelegatingMethodAccessorImpl.invoke(Unknown Source)\r\n\tat java.lang.reflect.Method.invoke(Unknown Source)\r\n\tat org.testng.internal.MethodInvocationHelper.invokeMethod(MethodInvocationHelper.java:133)\r\n\tat org.testng.internal.TestInvoker.invokeMethod(TestInvoker.java:584)\r\n\tat org.testng.internal.TestInvoker.invokeTestMethod(TestInvoker.java:172)\r\n\tat org.testng.internal.MethodRunner.runInSequence(MethodRunner.java:46)\r\n\tat org.testng.internal.TestInvoker$MethodInvocationAgent.invoke(TestInvoker.java:804)\r\n\tat org.testng.internal.TestInvoker.invokeTestMethods(TestInvoker.java:145)\r\n\tat org.testng.internal.TestMethodWorker.invokeTestMethods(TestMethodWorker.java:146)\r\n\tat org.testng.internal.TestMethodWorker.run(TestMethodWorker.java:128)\r\n\tat java.util.ArrayList.forEach(Unknown Source)\r\n\tat org.testng.TestRunner.privateRun(TestRunner.java:770)\r\n\tat org.testng.TestRunner.run(TestRunner.java:591)\r\n\tat org.testng.SuiteRunner.runTest(SuiteRunner.java:402)\r\n\tat org.testng.SuiteRunner.runSequentially(SuiteRunner.java:396)\r\n\tat org.testng.SuiteRunner.privateRun(SuiteRunner.java:355)\r\n\tat org.testng.SuiteRunner.run(SuiteRunner.java:304)\r\n\tat org.testng.SuiteRunnerWorker.runSuite(SuiteRunnerWorker.java:53)\r\n\tat org.testng.SuiteRunnerWorker.run(SuiteRunnerWorker.java:96)\r\n\tat org.testng.TestNG.runSuitesSequentially(TestNG.java:1180)\r\n\tat org.testng.TestNG.runSuitesLocally(TestNG.java:1102)\r\n\tat org.testng.TestNG.runSuites(TestNG.java:1032)\r\n\tat org.testng.TestNG.run(TestNG.java:1000)\r\n\tat org.testng.remote.AbstractRemoteTestNG.run(AbstractRemoteTestNG.java:115)\r\n\tat org.testng.remote.RemoteTestNG.initAndRun(RemoteTestNG.java:251)\r\n\tat org.testng.remote.RemoteTestNG.main(RemoteTestNG.java:77)\r\n"},"stage":"finished","steps":[],"attachments":[],"parameters":[],"start":1582098478750,"stop":1582098478751}],"attachments":[{"name":"Page screenshot","source":"22d4b026-0fbe-4a82-b61c-6c5068adcc2d-attachment","type":"image/png"},{"name":"verifySignUpLinkTest failed and screenshot taken!","source":"a916f4b7-05da-43ac-bca3-f9ac3a64a2fb-attachment","type":"text/plain"}],"parameters":[],"start":1582098478749,"stop":1582098479124,"uuid":"9e0eca43-d2d5-4672-872d-1b06e2d616ca","historyId":"889bb584274110c1f98f08f5909eb408","fullName":"com.tie.Tests.LoginPageTest.verifySignUpLinkTest","labels":[{"name":"package","value":"com.tie.Tests.LoginPageTest"},{"name":"testClass","value":"com.tie.Tests.LoginPageTest"},{"name":"testMethod","value":"verifySignUpLinkTest"},{"name":"parentSuite","value":"Default suite"},{"name":"suite","value":"Default test"},{"name":"subSuite","value":"com.tie.Tests.LoginPageTest"},{"name":"host","value":"DIPL-5CG706063P-14"},{"name":"thread","value":"3588@DIPL-5CG706063P-14.main(1)"},{"name":"framework","value":"testng"},{"name":"language","value":"java"},{"name":"epic","value":"EPIC - Login screen is having fields to enter Username / Email Address and Password with Submit and/or Reset button."},{"name":"feature","value":"US 1005: create a login page with title, header, reset password, sign up and login method"},{"name":"severity","value":"critical"}],"links":[]}