{"name":"createComapnyTest","status":"broken","statusDetails":{"known":false,"muted":false,"flaky":false,"message":"Element should have been \"select\" but was \"input\"\nBuild info: version: '3.141.59', revision: 'e82be7d358', time: '2018-11-14T08:17:03'\nSystem info: host: 'DIPL-5CG706063P', ip: '192.168.10.104', os.name: 'Windows 7', os.arch: 'amd64', os.version: '6.1', java.version: '1.8.0_231'\nDriver info: driver.version: unknown","trace":"org.openqa.selenium.support.ui.UnexpectedTagNameException: Element should have been \"select\" but was \"input\"\nBuild info: version: '3.141.59', revision: 'e82be7d358', time: '2018-11-14T08:17:03'\nSystem info: host: 'DIPL-5CG706063P', ip: '192.168.10.104', os.name: 'Windows 7', os.arch: 'amd64', os.version: '6.1', java.version: '1.8.0_231'\nDriver info: driver.version: unknown\r\n\tat org.openqa.selenium.support.ui.Select.<init>(Select.java:48)\r\n\tat com.qa.tie.page.MyAccountPage.createNewCompany(MyAccountPage.java:53)\r\n\tat com.qa.tie.tests.MyAccountPageTest.createComapnyTest(MyAccountPageTest.java:53)\r\n\tat sun.reflect.NativeMethodAccessorImpl.invoke0(Native Method)\r\n\tat sun.reflect.NativeMethodAccessorImpl.invoke(Unknown Source)\r\n\tat sun.reflect.DelegatingMethodAccessorImpl.invoke(Unknown Source)\r\n\tat java.lang.reflect.Method.invoke(Unknown Source)\r\n\tat org.testng.internal.MethodInvocationHelper.invokeMethod(MethodInvocationHelper.java:133)\r\n\tat org.testng.internal.TestInvoker.invokeMethod(TestInvoker.java:584)\r\n\tat org.testng.internal.TestInvoker.invokeTestMethod(TestInvoker.java:172)\r\n\tat org.testng.internal.MethodRunner.runInSequence(MethodRunner.java:46)\r\n\tat org.testng.internal.TestInvoker$MethodInvocationAgent.invoke(TestInvoker.java:804)\r\n\tat org.testng.internal.TestInvoker.invokeTestMethods(TestInvoker.java:145)\r\n\tat org.testng.internal.TestMethodWorker.invokeTestMethods(TestMethodWorker.java:146)\r\n\tat org.testng.internal.TestMethodWorker.run(TestMethodWorker.java:128)\r\n\tat java.util.concurrent.ThreadPoolExecutor.runWorker(Unknown Source)\r\n\tat java.util.concurrent.ThreadPoolExecutor$Worker.run(Unknown Source)\r\n\tat java.lang.Thread.run(Unknown Source)\r\n"},"stage":"finished","steps":[{"name":"Create new contact with ABC4, mahe@gmail.com, 9.931333088E9, China, Huwan, 12345.0, Tamanna, Huwan","status":"broken","statusDetails":{"known":false,"muted":false,"flaky":false,"message":"Element should have been \"select\" but was \"input\"\nBuild info: version: '3.141.59', revision: 'e82be7d358', time: '2018-11-14T08:17:03'\nSystem info: host: 'DIPL-5CG706063P', ip: '192.168.10.104', os.name: 'Windows 7', os.arch: 'amd64', os.version: '6.1', java.version: '1.8.0_231'\nDriver info: driver.version: unknown","trace":"org.openqa.selenium.support.ui.UnexpectedTagNameException: Element should have been \"select\" but was \"input\"\nBuild info: version: '3.141.59', revision: 'e82be7d358', time: '2018-11-14T08:17:03'\nSystem info: host: 'DIPL-5CG706063P', ip: '192.168.10.104', os.name: 'Windows 7', os.arch: 'amd64', os.version: '6.1', java.version: '1.8.0_231'\nDriver info: driver.version: unknown\r\n\tat org.openqa.selenium.support.ui.Select.<init>(Select.java:48)\r\n\tat com.qa.tie.page.MyAccountPage.createNewCompany(MyAccountPage.java:53)\r\n\tat com.qa.tie.tests.MyAccountPageTest.createComapnyTest(MyAccountPageTest.java:53)\r\n\tat sun.reflect.NativeMethodAccessorImpl.invoke0(Native Method)\r\n\tat sun.reflect.NativeMethodAccessorImpl.invoke(Unknown Source)\r\n\tat sun.reflect.DelegatingMethodAccessorImpl.invoke(Unknown Source)\r\n\tat java.lang.reflect.Method.invoke(Unknown Source)\r\n\tat org.testng.internal.MethodInvocationHelper.invokeMethod(MethodInvocationHelper.java:133)\r\n\tat org.testng.internal.TestInvoker.invokeMethod(TestInvoker.java:584)\r\n\tat org.testng.internal.TestInvoker.invokeTestMethod(TestInvoker.java:172)\r\n\tat org.testng.internal.MethodRunner.runInSequence(MethodRunner.java:46)\r\n\tat org.testng.internal.TestInvoker$MethodInvocationAgent.invoke(TestInvoker.java:804)\r\n\tat org.testng.internal.TestInvoker.invokeTestMethods(TestInvoker.java:145)\r\n\tat org.testng.internal.TestMethodWorker.invokeTestMethods(TestMethodWorker.java:146)\r\n\tat org.testng.internal.TestMethodWorker.run(TestMethodWorker.java:128)\r\n\tat java.util.concurrent.ThreadPoolExecutor.runWorker(Unknown Source)\r\n\tat java.util.concurrent.ThreadPoolExecutor$Worker.run(Unknown Source)\r\n\tat java.lang.Thread.run(Unknown Source)\r\n"},"stage":"finished","steps":[],"attachments":[],"parameters":[{"name":"cName","value":"ABC4"},{"name":"mail","value":"mahe@gmail.com"},{"name":"mobile","value":"9.931333088E9"},{"name":"add","value":"China"},{"name":"CT","value":"Huwan"},{"name":"zip","value":"12345.0"},{"name":"contact","value":"Tamanna"},{"name":"fullAdd","value":"Huwan"}],"start":1584425200473,"stop":1584425203923}],"attachments":[],"parameters":[{"name":"arg3","value":"China"},{"name":"arg2","value":"9.931333088E9"},{"name":"arg5","value":"12345.0"},{"name":"arg4","value":"Huwan"},{"name":"arg1","value":"mahe@gmail.com"},{"name":"browser","value":"chrome"},{"name":"arg0","value":"ABC4"},{"name":"arg7","value":"Huwan"},{"name":"arg6","value":"Tamanna"}],"start":1584425200473,"stop":1584425203927,"uuid":"acfda1fb-1052-4b34-83de-2479e94c4d58","historyId":"fe6bcf949c719619c10e5922d0506e27","fullName":"com.qa.tie.tests.MyAccountPageTest.createComapnyTest","labels":[{"name":"package","value":"com.qa.tie.tests.MyAccountPageTest"},{"name":"testClass","value":"com.qa.tie.tests.MyAccountPageTest"},{"name":"testMethod","value":"createComapnyTest"},{"name":"parentSuite","value":"TiE Regression Suite"},{"name":"suite","value":"TiE Functional Regression Test - chrome"},{"name":"subSuite","value":"com.qa.tie.tests.MyAccountPageTest"},{"name":"host","value":"DIPL-5CG706063P-14"},{"name":"thread","value":"2212@DIPL-5CG706063P-14.TestNG-test=TiE Functional Regression Test - chrome-1(30)"},{"name":"framework","value":"testng"},{"name":"language","value":"java"}],"links":[]}